<?xml version="1.0" encoding="UTF-8"?>
<testsuite xmlns:xsi="http://www.w3.org/2001/XMLSchema-instance" xsi:noNamespaceSchemaLocation="https://maven.apache.org/surefire/maven-surefire-plugin/xsd/surefire-test-report.xsd" name="com.tensquare.test.ProductTest" time="5.219" tests="3" errors="0" skipped="0" failures="0">
  <properties>
    <property name="sun.desktop" value="windows"/>
    <property name="awt.toolkit" value="sun.awt.windows.WToolkit"/>
    <property name="file.encoding.pkg" value="sun.io"/>
    <property name="java.specification.version" value="1.8"/>
    <property name="sun.cpu.isalist" value="amd64"/>
    <property name="sun.jnu.encoding" value="GBK"/>
    <property name="java.class.path" value="C:\IdeaProject\tensquare_parent84\tensquare_rabbitmqtest\target\test-classes;C:\IdeaProject\tensquare_parent84\tensquare_rabbitmqtest\target\classes;C:\my_java\maven_repository\org\springframework\boot\spring-boot-starter-amqp\2.0.1.RELEASE\spring-boot-starter-amqp-2.0.1.RELEASE.jar;C:\my_java\maven_repository\org\springframework\boot\spring-boot-starter\2.0.1.RELEASE\spring-boot-starter-2.0.1.RELEASE.jar;C:\my_java\maven_repository\org\springframework\boot\spring-boot\2.0.1.RELEASE\spring-boot-2.0.1.RELEASE.jar;C:\my_java\maven_repository\org\springframework\boot\spring-boot-autoconfigure\2.0.1.RELEASE\spring-boot-autoconfigure-2.0.1.RELEASE.jar;C:\my_java\maven_repository\org\springframework\boot\spring-boot-starter-logging\2.0.1.RELEASE\spring-boot-starter-logging-2.0.1.RELEASE.jar;C:\my_java\maven_repository\ch\qos\logback\logback-classic\1.2.3\logback-classic-1.2.3.jar;C:\my_java\maven_repository\ch\qos\logback\logback-core\1.2.3\logback-core-1.2.3.jar;C:\my_java\maven_repository\org\apache\logging\log4j\log4j-to-slf4j\2.10.0\log4j-to-slf4j-2.10.0.jar;C:\my_java\maven_repository\org\apache\logging\log4j\log4j-api\2.10.0\log4j-api-2.10.0.jar;C:\my_java\maven_repository\org\slf4j\jul-to-slf4j\1.7.25\jul-to-slf4j-1.7.25.jar;C:\my_java\maven_repository\javax\annotation\javax.annotation-api\1.3.2\javax.annotation-api-1.3.2.jar;C:\my_java\maven_repository\org\yaml\snakeyaml\1.19\snakeyaml-1.19.jar;C:\my_java\maven_repository\org\springframework\spring-messaging\5.0.5.RELEASE\spring-messaging-5.0.5.RELEASE.jar;C:\my_java\maven_repository\org\springframework\spring-beans\5.0.5.RELEASE\spring-beans-5.0.5.RELEASE.jar;C:\my_java\maven_repository\org\springframework\amqp\spring-rabbit\2.0.3.RELEASE\spring-rabbit-2.0.3.RELEASE.jar;C:\my_java\maven_repository\org\springframework\amqp\spring-amqp\2.0.3.RELEASE\spring-amqp-2.0.3.RELEASE.jar;C:\my_java\maven_repository\com\rabbitmq\amqp-client\5.1.2\amqp-client-5.1.2.jar;C:\my_java\maven_repository\com\rabbitmq\http-client\2.0.1.RELEASE\http-client-2.0.1.RELEASE.jar;C:\my_java\maven_repository\org\springframework\spring-webflux\5.0.5.RELEASE\spring-webflux-5.0.5.RELEASE.jar;C:\my_java\maven_repository\io\projectreactor\reactor-core\3.1.6.RELEASE\reactor-core-3.1.6.RELEASE.jar;C:\my_java\maven_repository\org\reactivestreams\reactive-streams\1.0.2\reactive-streams-1.0.2.jar;C:\my_java\maven_repository\org\apache\httpcomponents\httpclient\4.5.5\httpclient-4.5.5.jar;C:\my_java\maven_repository\org\apache\httpcomponents\httpcore\4.4.9\httpcore-4.4.9.jar;C:\my_java\maven_repository\commons-codec\commons-codec\1.11\commons-codec-1.11.jar;C:\my_java\maven_repository\io\projectreactor\ipc\reactor-netty\0.7.6.RELEASE\reactor-netty-0.7.6.RELEASE.jar;C:\my_java\maven_repository\io\netty\netty-codec-http\4.1.23.Final\netty-codec-http-4.1.23.Final.jar;C:\my_java\maven_repository\io\netty\netty-codec\4.1.23.Final\netty-codec-4.1.23.Final.jar;C:\my_java\maven_repository\io\netty\netty-handler\4.1.23.Final\netty-handler-4.1.23.Final.jar;C:\my_java\maven_repository\io\netty\netty-buffer\4.1.23.Final\netty-buffer-4.1.23.Final.jar;C:\my_java\maven_repository\io\netty\netty-transport\4.1.23.Final\netty-transport-4.1.23.Final.jar;C:\my_java\maven_repository\io\netty\netty-resolver\4.1.23.Final\netty-resolver-4.1.23.Final.jar;C:\my_java\maven_repository\io\netty\netty-handler-proxy\4.1.23.Final\netty-handler-proxy-4.1.23.Final.jar;C:\my_java\maven_repository\io\netty\netty-codec-socks\4.1.23.Final\netty-codec-socks-4.1.23.Final.jar;C:\my_java\maven_repository\io\netty\netty-transport-native-epoll\4.1.23.Final\netty-transport-native-epoll-4.1.23.Final.jar;C:\my_java\maven_repository\io\netty\netty-common\4.1.23.Final\netty-common-4.1.23.Final.jar;C:\my_java\maven_repository\io\netty\netty-transport-native-unix-common\4.1.23.Final\netty-transport-native-unix-common-4.1.23.Final.jar;C:\my_java\maven_repository\org\springframework\spring-context\5.0.5.RELEASE\spring-context-5.0.5.RELEASE.jar;C:\my_java\maven_repository\org\springframework\spring-tx\5.0.5.RELEASE\spring-tx-5.0.5.RELEASE.jar;C:\my_java\maven_repository\org\springframework\retry\spring-retry\1.2.2.RELEASE\spring-retry-1.2.2.RELEASE.jar;C:\my_java\maven_repository\org\springframework\boot\spring-boot-starter-web\2.0.1.RELEASE\spring-boot-starter-web-2.0.1.RELEASE.jar;C:\my_java\maven_repository\org\springframework\boot\spring-boot-starter-json\2.0.1.RELEASE\spring-boot-starter-json-2.0.1.RELEASE.jar;C:\my_java\maven_repository\com\fasterxml\jackson\core\jackson-databind\2.9.3\jackson-databind-2.9.3.jar;C:\my_java\maven_repository\com\fasterxml\jackson\core\jackson-annotations\2.9.0\jackson-annotations-2.9.0.jar;C:\my_java\maven_repository\com\fasterxml\jackson\core\jackson-core\2.9.3\jackson-core-2.9.3.jar;C:\my_java\maven_repository\com\fasterxml\jackson\datatype\jackson-datatype-jdk8\2.9.3\jackson-datatype-jdk8-2.9.3.jar;C:\my_java\maven_repository\com\fasterxml\jackson\datatype\jackson-datatype-jsr310\2.9.3\jackson-datatype-jsr310-2.9.3.jar;C:\my_java\maven_repository\com\fasterxml\jackson\module\jackson-module-parameter-names\2.9.3\jackson-module-parameter-names-2.9.3.jar;C:\my_java\maven_repository\org\springframework\boot\spring-boot-starter-tomcat\2.0.1.RELEASE\spring-boot-starter-tomcat-2.0.1.RELEASE.jar;C:\my_java\maven_repository\org\apache\tomcat\embed\tomcat-embed-core\8.5.29\tomcat-embed-core-8.5.29.jar;C:\my_java\maven_repository\org\apache\tomcat\embed\tomcat-embed-el\8.5.29\tomcat-embed-el-8.5.29.jar;C:\my_java\maven_repository\org\apache\tomcat\embed\tomcat-embed-websocket\8.5.29\tomcat-embed-websocket-8.5.29.jar;C:\my_java\maven_repository\org\hibernate\validator\hibernate-validator\6.0.9.Final\hibernate-validator-6.0.9.Final.jar;C:\my_java\maven_repository\javax\validation\validation-api\2.0.1.Final\validation-api-2.0.1.Final.jar;C:\my_java\maven_repository\org\jboss\logging\jboss-logging\3.3.2.Final\jboss-logging-3.3.2.Final.jar;C:\my_java\maven_repository\com\fasterxml\classmate\1.3.4\classmate-1.3.4.jar;C:\my_java\maven_repository\org\springframework\spring-web\5.0.5.RELEASE\spring-web-5.0.5.RELEASE.jar;C:\my_java\maven_repository\org\springframework\spring-webmvc\5.0.5.RELEASE\spring-webmvc-5.0.5.RELEASE.jar;C:\my_java\maven_repository\org\springframework\spring-aop\5.0.5.RELEASE\spring-aop-5.0.5.RELEASE.jar;C:\my_java\maven_repository\org\springframework\spring-expression\5.0.5.RELEASE\spring-expression-5.0.5.RELEASE.jar;C:\my_java\maven_repository\org\springframework\boot\spring-boot-starter-test\2.0.1.RELEASE\spring-boot-starter-test-2.0.1.RELEASE.jar;C:\my_java\maven_repository\org\springframework\boot\spring-boot-test\2.0.1.RELEASE\spring-boot-test-2.0.1.RELEASE.jar;C:\my_java\maven_repository\org\springframework\boot\spring-boot-test-autoconfigure\2.0.1.RELEASE\spring-boot-test-autoconfigure-2.0.1.RELEASE.jar;C:\my_java\maven_repository\com\jayway\jsonpath\json-path\2.4.0\json-path-2.4.0.jar;C:\my_java\maven_repository\net\minidev\json-smart\2.3\json-smart-2.3.jar;C:\my_java\maven_repository\net\minidev\accessors-smart\1.2\accessors-smart-1.2.jar;C:\my_java\maven_repository\org\ow2\asm\asm\5.0.4\asm-5.0.4.jar;C:\my_java\maven_repository\org\slf4j\slf4j-api\1.7.25\slf4j-api-1.7.25.jar;C:\my_java\maven_repository\junit\junit\4.12\junit-4.12.jar;C:\my_java\maven_repository\org\assertj\assertj-core\3.9.1\assertj-core-3.9.1.jar;C:\my_java\maven_repository\org\mockito\mockito-core\2.15.0\mockito-core-2.15.0.jar;C:\my_java\maven_repository\net\bytebuddy\byte-buddy\1.7.11\byte-buddy-1.7.11.jar;C:\my_java\maven_repository\net\bytebuddy\byte-buddy-agent\1.7.11\byte-buddy-agent-1.7.11.jar;C:\my_java\maven_repository\org\objenesis\objenesis\2.6\objenesis-2.6.jar;C:\my_java\maven_repository\org\hamcrest\hamcrest-core\1.3\hamcrest-core-1.3.jar;C:\my_java\maven_repository\org\hamcrest\hamcrest-library\1.3\hamcrest-library-1.3.jar;C:\my_java\maven_repository\org\skyscreamer\jsonassert\1.5.0\jsonassert-1.5.0.jar;C:\my_java\maven_repository\com\vaadin\external\google\android-json\0.0.20131108.vaadin1\android-json-0.0.20131108.vaadin1.jar;C:\my_java\maven_repository\org\springframework\spring-core\5.0.5.RELEASE\spring-core-5.0.5.RELEASE.jar;C:\my_java\maven_repository\org\springframework\spring-jcl\5.0.5.RELEASE\spring-jcl-5.0.5.RELEASE.jar;C:\my_java\maven_repository\org\springframework\spring-test\5.0.5.RELEASE\spring-test-5.0.5.RELEASE.jar;C:\my_java\maven_repository\org\xmlunit\xmlunit-core\2.5.1\xmlunit-core-2.5.1.jar;"/>
    <property name="java.vm.vendor" value="Oracle Corporation"/>
    <property name="sun.arch.data.model" value="64"/>
    <property name="user.variant" value=""/>
    <property name="java.vendor.url" value="http://java.oracle.com/"/>
    <property name="user.timezone" value=""/>
    <property name="java.vm.specification.version" value="1.8"/>
    <property name="os.name" value="Windows 10"/>
    <property name="user.country" value="CN"/>
    <property name="sun.java.launcher" value="SUN_STANDARD"/>
    <property name="sun.boot.library.path" value="C:\Program Files\Java\jdk1.8.0_162\jre\bin"/>
    <property name="sun.java.command" value="C:\Users\hasee\AppData\Local\Temp\surefire6182655341263614066\surefirebooter3626624017559643675.jar C:\Users\hasee\AppData\Local\Temp\surefire6182655341263614066 2018-09-30T11-24-41_303-jvmRun1 surefire2445007108754745608tmp surefire_15794012128085520872tmp"/>
    <property name="surefire.test.class.path" value="C:\IdeaProject\tensquare_parent84\tensquare_rabbitmqtest\target\test-classes;C:\IdeaProject\tensquare_parent84\tensquare_rabbitmqtest\target\classes;C:\my_java\maven_repository\org\springframework\boot\spring-boot-starter-amqp\2.0.1.RELEASE\spring-boot-starter-amqp-2.0.1.RELEASE.jar;C:\my_java\maven_repository\org\springframework\boot\spring-boot-starter\2.0.1.RELEASE\spring-boot-starter-2.0.1.RELEASE.jar;C:\my_java\maven_repository\org\springframework\boot\spring-boot\2.0.1.RELEASE\spring-boot-2.0.1.RELEASE.jar;C:\my_java\maven_repository\org\springframework\boot\spring-boot-autoconfigure\2.0.1.RELEASE\spring-boot-autoconfigure-2.0.1.RELEASE.jar;C:\my_java\maven_repository\org\springframework\boot\spring-boot-starter-logging\2.0.1.RELEASE\spring-boot-starter-logging-2.0.1.RELEASE.jar;C:\my_java\maven_repository\ch\qos\logback\logback-classic\1.2.3\logback-classic-1.2.3.jar;C:\my_java\maven_repository\ch\qos\logback\logback-core\1.2.3\logback-core-1.2.3.jar;C:\my_java\maven_repository\org\apache\logging\log4j\log4j-to-slf4j\2.10.0\log4j-to-slf4j-2.10.0.jar;C:\my_java\maven_repository\org\apache\logging\log4j\log4j-api\2.10.0\log4j-api-2.10.0.jar;C:\my_java\maven_repository\org\slf4j\jul-to-slf4j\1.7.25\jul-to-slf4j-1.7.25.jar;C:\my_java\maven_repository\javax\annotation\javax.annotation-api\1.3.2\javax.annotation-api-1.3.2.jar;C:\my_java\maven_repository\org\yaml\snakeyaml\1.19\snakeyaml-1.19.jar;C:\my_java\maven_repository\org\springframework\spring-messaging\5.0.5.RELEASE\spring-messaging-5.0.5.RELEASE.jar;C:\my_java\maven_repository\org\springframework\spring-beans\5.0.5.RELEASE\spring-beans-5.0.5.RELEASE.jar;C:\my_java\maven_repository\org\springframework\amqp\spring-rabbit\2.0.3.RELEASE\spring-rabbit-2.0.3.RELEASE.jar;C:\my_java\maven_repository\org\springframework\amqp\spring-amqp\2.0.3.RELEASE\spring-amqp-2.0.3.RELEASE.jar;C:\my_java\maven_repository\com\rabbitmq\amqp-client\5.1.2\amqp-client-5.1.2.jar;C:\my_java\maven_repository\com\rabbitmq\http-client\2.0.1.RELEASE\http-client-2.0.1.RELEASE.jar;C:\my_java\maven_repository\org\springframework\spring-webflux\5.0.5.RELEASE\spring-webflux-5.0.5.RELEASE.jar;C:\my_java\maven_repository\io\projectreactor\reactor-core\3.1.6.RELEASE\reactor-core-3.1.6.RELEASE.jar;C:\my_java\maven_repository\org\reactivestreams\reactive-streams\1.0.2\reactive-streams-1.0.2.jar;C:\my_java\maven_repository\org\apache\httpcomponents\httpclient\4.5.5\httpclient-4.5.5.jar;C:\my_java\maven_repository\org\apache\httpcomponents\httpcore\4.4.9\httpcore-4.4.9.jar;C:\my_java\maven_repository\commons-codec\commons-codec\1.11\commons-codec-1.11.jar;C:\my_java\maven_repository\io\projectreactor\ipc\reactor-netty\0.7.6.RELEASE\reactor-netty-0.7.6.RELEASE.jar;C:\my_java\maven_repository\io\netty\netty-codec-http\4.1.23.Final\netty-codec-http-4.1.23.Final.jar;C:\my_java\maven_repository\io\netty\netty-codec\4.1.23.Final\netty-codec-4.1.23.Final.jar;C:\my_java\maven_repository\io\netty\netty-handler\4.1.23.Final\netty-handler-4.1.23.Final.jar;C:\my_java\maven_repository\io\netty\netty-buffer\4.1.23.Final\netty-buffer-4.1.23.Final.jar;C:\my_java\maven_repository\io\netty\netty-transport\4.1.23.Final\netty-transport-4.1.23.Final.jar;C:\my_java\maven_repository\io\netty\netty-resolver\4.1.23.Final\netty-resolver-4.1.23.Final.jar;C:\my_java\maven_repository\io\netty\netty-handler-proxy\4.1.23.Final\netty-handler-proxy-4.1.23.Final.jar;C:\my_java\maven_repository\io\netty\netty-codec-socks\4.1.23.Final\netty-codec-socks-4.1.23.Final.jar;C:\my_java\maven_repository\io\netty\netty-transport-native-epoll\4.1.23.Final\netty-transport-native-epoll-4.1.23.Final.jar;C:\my_java\maven_repository\io\netty\netty-common\4.1.23.Final\netty-common-4.1.23.Final.jar;C:\my_java\maven_repository\io\netty\netty-transport-native-unix-common\4.1.23.Final\netty-transport-native-unix-common-4.1.23.Final.jar;C:\my_java\maven_repository\org\springframework\spring-context\5.0.5.RELEASE\spring-context-5.0.5.RELEASE.jar;C:\my_java\maven_repository\org\springframework\spring-tx\5.0.5.RELEASE\spring-tx-5.0.5.RELEASE.jar;C:\my_java\maven_repository\org\springframework\retry\spring-retry\1.2.2.RELEASE\spring-retry-1.2.2.RELEASE.jar;C:\my_java\maven_repository\org\springframework\boot\spring-boot-starter-web\2.0.1.RELEASE\spring-boot-starter-web-2.0.1.RELEASE.jar;C:\my_java\maven_repository\org\springframework\boot\spring-boot-starter-json\2.0.1.RELEASE\spring-boot-starter-json-2.0.1.RELEASE.jar;C:\my_java\maven_repository\com\fasterxml\jackson\core\jackson-databind\2.9.3\jackson-databind-2.9.3.jar;C:\my_java\maven_repository\com\fasterxml\jackson\core\jackson-annotations\2.9.0\jackson-annotations-2.9.0.jar;C:\my_java\maven_repository\com\fasterxml\jackson\core\jackson-core\2.9.3\jackson-core-2.9.3.jar;C:\my_java\maven_repository\com\fasterxml\jackson\datatype\jackson-datatype-jdk8\2.9.3\jackson-datatype-jdk8-2.9.3.jar;C:\my_java\maven_repository\com\fasterxml\jackson\datatype\jackson-datatype-jsr310\2.9.3\jackson-datatype-jsr310-2.9.3.jar;C:\my_java\maven_repository\com\fasterxml\jackson\module\jackson-module-parameter-names\2.9.3\jackson-module-parameter-names-2.9.3.jar;C:\my_java\maven_repository\org\springframework\boot\spring-boot-starter-tomcat\2.0.1.RELEASE\spring-boot-starter-tomcat-2.0.1.RELEASE.jar;C:\my_java\maven_repository\org\apache\tomcat\embed\tomcat-embed-core\8.5.29\tomcat-embed-core-8.5.29.jar;C:\my_java\maven_repository\org\apache\tomcat\embed\tomcat-embed-el\8.5.29\tomcat-embed-el-8.5.29.jar;C:\my_java\maven_repository\org\apache\tomcat\embed\tomcat-embed-websocket\8.5.29\tomcat-embed-websocket-8.5.29.jar;C:\my_java\maven_repository\org\hibernate\validator\hibernate-validator\6.0.9.Final\hibernate-validator-6.0.9.Final.jar;C:\my_java\maven_repository\javax\validation\validation-api\2.0.1.Final\validation-api-2.0.1.Final.jar;C:\my_java\maven_repository\org\jboss\logging\jboss-logging\3.3.2.Final\jboss-logging-3.3.2.Final.jar;C:\my_java\maven_repository\com\fasterxml\classmate\1.3.4\classmate-1.3.4.jar;C:\my_java\maven_repository\org\springframework\spring-web\5.0.5.RELEASE\spring-web-5.0.5.RELEASE.jar;C:\my_java\maven_repository\org\springframework\spring-webmvc\5.0.5.RELEASE\spring-webmvc-5.0.5.RELEASE.jar;C:\my_java\maven_repository\org\springframework\spring-aop\5.0.5.RELEASE\spring-aop-5.0.5.RELEASE.jar;C:\my_java\maven_repository\org\springframework\spring-expression\5.0.5.RELEASE\spring-expression-5.0.5.RELEASE.jar;C:\my_java\maven_repository\org\springframework\boot\spring-boot-starter-test\2.0.1.RELEASE\spring-boot-starter-test-2.0.1.RELEASE.jar;C:\my_java\maven_repository\org\springframework\boot\spring-boot-test\2.0.1.RELEASE\spring-boot-test-2.0.1.RELEASE.jar;C:\my_java\maven_repository\org\springframework\boot\spring-boot-test-autoconfigure\2.0.1.RELEASE\spring-boot-test-autoconfigure-2.0.1.RELEASE.jar;C:\my_java\maven_repository\com\jayway\jsonpath\json-path\2.4.0\json-path-2.4.0.jar;C:\my_java\maven_repository\net\minidev\json-smart\2.3\json-smart-2.3.jar;C:\my_java\maven_repository\net\minidev\accessors-smart\1.2\accessors-smart-1.2.jar;C:\my_java\maven_repository\org\ow2\asm\asm\5.0.4\asm-5.0.4.jar;C:\my_java\maven_repository\org\slf4j\slf4j-api\1.7.25\slf4j-api-1.7.25.jar;C:\my_java\maven_repository\junit\junit\4.12\junit-4.12.jar;C:\my_java\maven_repository\org\assertj\assertj-core\3.9.1\assertj-core-3.9.1.jar;C:\my_java\maven_repository\org\mockito\mockito-core\2.15.0\mockito-core-2.15.0.jar;C:\my_java\maven_repository\net\bytebuddy\byte-buddy\1.7.11\byte-buddy-1.7.11.jar;C:\my_java\maven_repository\net\bytebuddy\byte-buddy-agent\1.7.11\byte-buddy-agent-1.7.11.jar;C:\my_java\maven_repository\org\objenesis\objenesis\2.6\objenesis-2.6.jar;C:\my_java\maven_repository\org\hamcrest\hamcrest-core\1.3\hamcrest-core-1.3.jar;C:\my_java\maven_repository\org\hamcrest\hamcrest-library\1.3\hamcrest-library-1.3.jar;C:\my_java\maven_repository\org\skyscreamer\jsonassert\1.5.0\jsonassert-1.5.0.jar;C:\my_java\maven_repository\com\vaadin\external\google\android-json\0.0.20131108.vaadin1\android-json-0.0.20131108.vaadin1.jar;C:\my_java\maven_repository\org\springframework\spring-core\5.0.5.RELEASE\spring-core-5.0.5.RELEASE.jar;C:\my_java\maven_repository\org\springframework\spring-jcl\5.0.5.RELEASE\spring-jcl-5.0.5.RELEASE.jar;C:\my_java\maven_repository\org\springframework\spring-test\5.0.5.RELEASE\spring-test-5.0.5.RELEASE.jar;C:\my_java\maven_repository\org\xmlunit\xmlunit-core\2.5.1\xmlunit-core-2.5.1.jar;"/>
    <property name="sun.cpu.endian" value="little"/>
    <property name="user.home" value="C:\Users\hasee"/>
    <property name="user.language" value="zh"/>
    <property name="java.specification.vendor" value="Oracle Corporation"/>
    <property name="java.home" value="C:\Program Files\Java\jdk1.8.0_162\jre"/>
    <property name="basedir" value="C:\IdeaProject\tensquare_parent84\tensquare_rabbitmqtest"/>
    <property name="file.separator" value="\"/>
    <property name="line.separator" value="&#10;"/>
    <property name="java.vm.specification.vendor" value="Oracle Corporation"/>
    <property name="java.specification.name" value="Java Platform API Specification"/>
    <property name="java.awt.graphicsenv" value="sun.awt.Win32GraphicsEnvironment"/>
    <property name="surefire.real.class.path" value="C:\Users\hasee\AppData\Local\Temp\surefire6182655341263614066\surefirebooter3626624017559643675.jar"/>
    <property name="sun.boot.class.path" value="C:\Program Files\Java\jdk1.8.0_162\jre\lib\resources.jar;C:\Program Files\Java\jdk1.8.0_162\jre\lib\rt.jar;C:\Program Files\Java\jdk1.8.0_162\jre\lib\sunrsasign.jar;C:\Program Files\Java\jdk1.8.0_162\jre\lib\jsse.jar;C:\Program Files\Java\jdk1.8.0_162\jre\lib\jce.jar;C:\Program Files\Java\jdk1.8.0_162\jre\lib\charsets.jar;C:\Program Files\Java\jdk1.8.0_162\jre\lib\jfr.jar;C:\Program Files\Java\jdk1.8.0_162\jre\classes"/>
    <property name="user.script" value=""/>
    <property name="sun.management.compiler" value="HotSpot 64-Bit Tiered Compilers"/>
    <property name="java.runtime.version" value="1.8.0_162-b12"/>
    <property name="user.name" value="hasee"/>
    <property name="path.separator" value=";"/>
    <property name="os.version" value="10.0"/>
    <property name="java.endorsed.dirs" value="C:\Program Files\Java\jdk1.8.0_162\jre\lib\endorsed"/>
    <property name="java.runtime.name" value="Java(TM) SE Runtime Environment"/>
    <property name="file.encoding" value="GBK"/>
    <property name="java.vm.name" value="Java HotSpot(TM) 64-Bit Server VM"/>
    <property name="localRepository" value="C:\my_java\maven_repository"/>
    <property name="java.vendor.url.bug" value="http://bugreport.sun.com/bugreport/"/>
    <property name="java.io.tmpdir" value="C:\Users\hasee\AppData\Local\Temp\"/>
    <property name="idea.version" value="2017.3.5"/>
    <property name="java.version" value="1.8.0_162"/>
    <property name="user.dir" value="C:\IdeaProject\tensquare_parent84\tensquare_rabbitmqtest"/>
    <property name="os.arch" value="amd64"/>
    <property name="java.vm.specification.name" value="Java Virtual Machine Specification"/>
    <property name="java.awt.printerjob" value="sun.awt.windows.WPrinterJob"/>
    <property name="sun.os.patch.level" value=""/>
    <property name="java.library.path" value="C:\Program Files\Java\jdk1.8.0_162\jre\bin;C:\WINDOWS\Sun\Java\bin;C:\WINDOWS\system32;C:\WINDOWS;C:\ProgramData\Oracle\Java\javapath;C:\Windows\system32;C:\Windows;C:\Windows\System32\Wbem;C:\Windows\System32\WindowsPowerShell\v1.0\;C:\Program Files (x86)\NVIDIA Corporation\PhysX\Common;C:\Program Files\Intel\WiFi\bin\;C:\Program Files\Common Files\Intel\WirelessCommon\;C:\Program Files\Java\jdk1.8.0_162\bin;C:\Program Files (x86)\MySQL\MySQL Server 5.5\bin;C:\WINDOWS\system32;C:\WINDOWS;C:\WINDOWS\System32\Wbem;C:\WINDOWS\System32\WindowsPowerShell\v1.0\;C:\Program Files\Git\cmd;C:\Program Files\VisualSVN Server\bin;C:\my_java\apache-maven-3.5.2\bin;D:\gradle\gradle-4.7\bin;C:\Program Files\TortoiseSVN\bin;C:\WINDOWS\System32\OpenSSH\;C:\Program Files\MongoDB\Server\4.1\bin;C:\Program Files\nodejs\;C:\Program Files\Intel\WiFi\bin\;C:\Program Files\Common Files\Intel\WirelessCommon\;C:\Users\hasee\AppData\Local\Microsoft\WindowsApps;C:\Users\hasee\AppData\Roaming\npm;."/>
    <property name="java.vm.info" value="mixed mode"/>
    <property name="java.vendor" value="Oracle Corporation"/>
    <property name="java.vm.version" value="25.162-b12"/>
    <property name="java.ext.dirs" value="C:\Program Files\Java\jdk1.8.0_162\jre\lib\ext;C:\WINDOWS\Sun\Java\lib\ext"/>
    <property name="sun.io.unicode.encoding" value="UnicodeLittle"/>
    <property name="java.class.version" value="52.0"/>
  </properties>
  <testcase name="sendMsg1" classname="com.tensquare.test.ProductTest" time="0.192"/>
  <testcase name="sendMsg2" classname="com.tensquare.test.ProductTest" time="0.006"/>
  <testcase name="sendMsg3" classname="com.tensquare.test.ProductTest" time="0.006"/>
</testsuite>